<?xml version="1.0" encoding="UTF-8"?>
<testsuite xmlns:xsi="http://www.w3.org/2001/XMLSchema-instance" xsi:noNamespaceSchemaLocation="https://maven.apache.org/surefire/maven-surefire-plugin/xsd/surefire-test-report.xsd" version="3.0.2" name="com.kaushalsetu.KaushalsetuJavabackendApplicationTests" time="15.33" tests="1" errors="0" skipped="0" failures="0">
  <properties>
[...]
</properties>
  <testcase name="contextLoads" classname="com.kaushalsetu.KaushalsetuJavabackendApplicationTests" time="0.452">
    <system-out><![CDATA[15:40:16.664 [main] INFO org.springframework.test.context.support.AnnotationConfigContextLoaderUtils -- Could not detect default configuration classes for test class [com.kaushalsetu.KaushalsetuJavabackendApplicationTests]: KaushalsetuJavabackendApplicationTests does not declare any static, non-private, non-final, nested classes annotated with @Configuration.
15:40:16.850 [main] INFO org.springframework.boot.test.context.SpringBootTestContextBootstrapper -- Found @SpringBootConfiguration com.kaushalsetu.KaushalsetuJavabackendApplication for test class com.kaushalsetu.KaushalsetuJavabackendApplicationTests
15:40:17.082 [main] INFO org.springframework.boot.devtools.restart.RestartApplicationListener -- Restart disabled due to context in which it is running

  .   ____          _            __ _ _
 /\\ / ___'_ __ _ _(_)_ __  __ _ \ \ \ \
( ( )\___ | '_ | '_| | '_ \/ _` | \ \ \ \
 \\/  ___)| |_)| | | | | || (_| |  ) ) ) )
  '  |____| .__|_| |_|_| |_\__, | / / / /
 =========|_|==============|___/=/_/_/_/

 :: Spring Boot ::                (v3.5.9)

2026-08-08T15:40:17.442+05:30  WARN 13696 --- [kaushalsetu-javabackend] [           main] ory$DuplicateJsonObjectContextCustomizer : 

Found multiple occurrences of org.json.JSONObject on the class path:

	jar:file:/C:/Users/rahul/.m2/repository/com/vaadin/external/google/android-json/0.0.20131108.vaadin1/android-json-0.0.20131108.vaadin1.jar!/org/json/JSONObject.class
	jar:file:/C:/Users/rahul/.m2/repository/org/json/json/20251224/json-20251224.jar!/org/json/JSONObject.class

You may wish to exclude one of them to ensure predictable runtime behavior

2026-08-08T15:40:17.471+05:30  INFO 13696 --- [kaushalsetu-javabackend] [           main] k.KaushalsetuJavabackendApplicationTests : Starting KaushalsetuJavabackendApplicationTests using Java 21.0.9 with PID 13696 (started by rahul in D:\trailcdac final project\20th trial\backend)
2026-08-08T15:40:17.473+05:30  INFO 13696 --- [kaushalsetu-javabackend] [           main] k.KaushalsetuJavabackendApplicationTests : No active profile set, falling back to 1 default profile: "default"
2026-08-08T15:40:19.443+05:30  INFO 13696 --- [kaushalsetu-javabackend] [           main] .s.d.r.c.RepositoryConfigurationDelegate : Bootstrapping Spring Data JPA repositories in DEFAULT mode.
2026-08-08T15:40:19.689+05:30  INFO 13696 --- [kaushalsetu-javabackend] [           main] .s.d.r.c.RepositoryConfigurationDelegate : Finished Spring Data repository scanning in 220 ms. Found 25 JPA repository interfaces.
2026-08-08T15:40:20.615+05:30  INFO 13696 --- [kaushalsetu-javabackend] [           main] o.hibernate.jpa.internal.util.LogHelper  : HHH000204: Processing PersistenceUnitInfo [name: default]
2026-08-08T15:40:20.723+05:30  INFO 13696 --- [kaushalsetu-javabackend] [           main] org.hibernate.Version                    : HHH000412: Hibernate ORM core version 6.6.39.Final
2026-08-08T15:40:20.783+05:30  INFO 13696 --- [kaushalsetu-javabackend] [           main] o.h.c.internal.RegionFactoryInitiator    : HHH000026: Second-level cache disabled
2026-08-08T15:40:21.211+05:30  INFO 13696 --- [kaushalsetu-javabackend] [           main] o.s.o.j.p.SpringPersistenceUnitInfo      : No LoadTimeWeaver setup: ignoring JPA class transformer
2026-08-08T15:40:21.267+05:30  INFO 13696 --- [kaushalsetu-javabackend] [           main] com.zaxxer.hikari.HikariDataSource       : HikariPool-1 - Starting...
2026-08-08T15:40:22.257+05:30  INFO 13696 --- [kaushalsetu-javabackend] [           main] com.zaxxer.hikari.pool.HikariPool        : HikariPool-1 - Added connection com.mysql.cj.jdbc.ConnectionImpl@417751d3
2026-08-08T15:40:22.260+05:30  INFO 13696 --- [kaushalsetu-javabackend] [           main] com.zaxxer.hikari.HikariDataSource       : HikariPool-1 - Start completed.
2026-08-08T15:40:22.331+05:30  WARN 13696 --- [kaushalsetu-javabackend] [           main] org.hibernate.orm.deprecation            : HHH90000025: MySQLDialect does not need to be specified explicitly using 'hibernate.dialect' (remove the property setting and it will be selected by default)
2026-08-08T15:40:22.353+05:30  INFO 13696 --- [kaushalsetu-javabackend] [           main] org.hibernate.orm.connections.pooling    : HHH10001005: Database info:
	Database JDBC URL [Connecting through datasource 'HikariDataSource (HikariPool-1)']
	Database driver: undefined/unknown
	Database version: 8.0.46
	Autocommit mode: undefined/unknown
	Isolation level: undefined/unknown
	Minimum pool size: undefined/unknown
	Maximum pool size: undefined/unknown
2026-08-08T15:40:23.998+05:30  INFO 13696 --- [kaushalsetu-javabackend] [           main] o.h.e.t.j.p.i.JtaPlatformInitiator       : HHH000489: No JTA platform available (set 'hibernate.transaction.jta.platform' to enable JTA platform integration)
Hibernate: create table admins (admin_id integer not null auto_increment, user_id integer not null, primary key (admin_id)) engine=InnoDB
Hibernate: create table client_payments (payment_id integer not null auto_increment, amount float(53), created_at datetime(6), paid_at datetime(6), razorpay_order_id varchar(255), razorpay_payment_id varchar(255), status enum ('FAILED','PAID','PENDING') not null, application_id integer not null, primary key (payment_id)) engine=InnoDB
Hibernate: create table clients (client_id integer not null auto_increment, address varchar(255), district enum ('AHMEDNAGAR','AKOLA','AMRAVATI','AURANGABAD','BEED','BHANDARA','BULDHANA','CHANDRAPUR','DHULE','GADCHIROLI','GONDIA','HINGOLI','JALGAON','JALNA','KOLHAPUR','LATUR','MUMBAI_CITY','MUMBAI_SUBURBAN','NAGPUR','NANDED','NANDURBAR','NASHIK','OSMANABAD','PALGHAR','PARBHANI','PUNE','RAIGAD','RATNAGIRI','SANGLI','SATARA','SINDHUDURG','SOLAPUR','THANE','WARDHA','WASHIM','YAVATMAL') not null, user_id integer, primary key (client_id)) engine=InnoDB
Hibernate: create table contracts (contract_id integer not null auto_increment, agreed_amount float(53), contract_terms varchar(255), end_date date, signed_at datetime(6), start_date date, status enum ('ACCEPTED','ACTIVE','CANCELLED','COMPLETED','DISPUTED','NEGOTIATION','PENDING_ACCEPTANCE','REJECTED','WORK_SUBMITTED') not null, client_user_id integer, job_job_id integer, worker_user_id integer, primary key (contract_id)) engine=InnoDB
Hibernate: create table email_verification_token (id integer not null auto_increment, expiry_time datetime(6), token varchar(255), user_id integer, primary key (id)) engine=InnoDB
Hibernate: create table escrow_payments (escrow_id integer not null auto_increment, amount float(53), payment_status enum ('ESCROW_HELD','PENDING','REFUNDED','RELEASED') not null, razorpay_order_id varchar(255), transaction_date datetime(6), transaction_type enum ('DEPOSIT','REFUND','RELEASE') not null, contract_contract_id integer, primary key (escrow_id)) engine=InnoDB
Hibernate: create table job_applications (application_id integer not null auto_increment, applied_at datetime(6), assigned_at datetime(6), closed_at datetime(6), completed_at datetime(6), cover_message varchar(255), estimated_budget float(53), expected_completion_time varchar(255), expected_start_time varchar(255), paid_at datetime(6), started_at datetime(6), status enum ('APPLIED','ASSIGNED','CANCELLED','CLOSED','COMPLETED','ONGOING','PAID','REJECTED','SHORTLISTED') not null, job_job_id integer, applicant_user_id integer, primary key (application_id)) engine=InnoDB
Hibernate: create table jobs (job_id integer not null auto_increment, additional_notes varchar(255), budget float(53), category varchar(255), city varchar(255), contact_preference varchar(255), created_at datetime(6), description varchar(255), district varchar(255), landmark varchar(255), location varchar(255), pincode varchar(255), posted_by_user_id integer, preferred_date date, preferred_time varchar(255), service_address varchar(255), state varchar(255), status enum ('CANCELLED','COMPLETED','EXPIRED','IN_PROGRESS','OPEN') not null, title varchar(255), primary key (job_id)) engine=InnoDB
Hibernate: create table kyc_audit_logs (log_id integer not null auto_increment, action varchar(255), created_at datetime(6), remarks varchar(255), kyc_id integer not null, performed_by_user_id integer, primary key (log_id)) engine=InnoDB
Hibernate: create table kyc_documents (kyc_id integer not null auto_increment, address_line varchar(255), bank_account_holder_name varchar(255), bank_account_number varchar(255), bank_name varchar(255), city varchar(255), created_at datetime(6), date_of_birth date, document_number varchar(255), document_type varchar(255), email varchar(255), full_name varchar(255), gender varchar(255), ifsc_code varchar(255), mobile_number varchar(255), payout_method enum ('BANK_ACCOUNT','UPI'), pincode varchar(255), rejection_reason varchar(255), remarks varchar(255), state varchar(255), status enum ('APPROVED','NOT_SUBMITTED','PENDING','REJECTED','UNDER_REVIEW') not null, submitted_at datetime(6), updated_at datetime(6), upi_id varchar(255), verified_at datetime(6), user_id integer, verified_by_user_id integer, primary key (kyc_id)) engine=InnoDB
Hibernate: create table notifications (id bigint not null auto_increment, created_at datetime(6), message varchar(255), unread bit not null, user_id bigint, primary key (id)) engine=InnoDB
Hibernate: create table organizations (org_id integer not null auto_increment, address varchar(255), district varchar(255), gst_number varchar(255), org_name varchar(255), user_id integer, primary key (org_id)) engine=InnoDB
Hibernate: create table password_reset_tokens (id bigint not null auto_increment, expiry_time datetime(6), token varchar(255) not null, user_id integer not null, primary key (id)) engine=InnoDB
Hibernate: create table payments (txn_id varchar(255) not null, amount decimal(38,2), payment_date datetime(6), status varchar(255), type varchar(255), user_name varchar(255), primary key (txn_id)) engine=InnoDB
Hibernate: create table reviews (review_id integer not null auto_increment, comment varchar(1000), created_at datetime(6), rating integer not null, application_id integer, contract_id integer, reviewee_user_id integer not null, reviewer_user_id integer not null, primary key (review_id)) engine=InnoDB
Hibernate: create table roles (role_id integer not null auto_increment, role_name varchar(255) not null, primary key (role_id)) engine=InnoDB
Hibernate: create table subscription_plans (plan_id bigint not null auto_increment, duration varchar(255), features TEXT, is_active bit, name varchar(255), price decimal(38,2), primary key (plan_id)) engine=InnoDB
Hibernate: create table system_logs (log_id integer not null auto_increment, action varchar(255), created_at datetime(6), user_user_id integer, primary key (log_id)) engine=InnoDB
Hibernate: create table user_subscriptions (sub_id bigint not null auto_increment, expiry_date date, plan_name varchar(255), start_date date, status varchar(255), user_name varchar(255), primary key (sub_id)) engine=InnoDB
Hibernate: create table users (user_id integer not null auto_increment, country_code varchar(255), created_at datetime(6), email varchar(255), email_status enum ('NOT_VERIFIED','VERIFIED') not null, full_name varchar(255), kyc_status enum ('APPROVED','NOT_SUBMITTED','PENDING','REJECTED','UNDER_REVIEW') not null, password_hash varchar(255), phone varchar(255), status enum ('ACTIVE','BLOCKED','INACTIVE') not null, role_id integer, primary key (user_id)) engine=InnoDB
Hibernate: create table wallet_transactions (transaction_id integer not null auto_increment, amount float(53) not null, contract_id integer, created_at datetime(6), description varchar(255), type enum ('CREDIT','DEBIT','WITHDRAWAL') not null, wallet_id integer not null, primary key (transaction_id)) engine=InnoDB
Hibernate: create table wallets (wallet_id integer not null auto_increment, balance float(53) not null, total_earned float(53) not null, total_withdrawn float(53) not null, updated_at datetime(6), user_id integer not null, primary key (wallet_id)) engine=InnoDB
Hibernate: create table worker_skill_certificates (certificate_id integer not null auto_increment, certificate_name varchar(255), file_url varchar(255), uploaded_at datetime(6), user_id integer not null, primary key (certificate_id)) engine=InnoDB
Hibernate: create table workers (worker_id integer not null auto_increment, category varchar(255), district enum ('AHMEDNAGAR','AKOLA','AMRAVATI','AURANGABAD','BEED','BHANDARA','BULDHANA','CHANDRAPUR','DHULE','GADCHIROLI','GONDIA','HINGOLI','JALGAON','JALNA','KOLHAPUR','LATUR','MUMBAI_CITY','MUMBAI_SUBURBAN','NAGPUR','NANDED','NANDURBAR','NASHIK','OSMANABAD','PALGHAR','PARBHANI','PUNE','RAIGAD','RATNAGIRI','SANGLI','SATARA','SINDHUDURG','SOLAPUR','THANE','WARDHA','WASHIM','YAVATMAL') not null, experience_years integer, languages_known varchar(255), location varchar(255), profile_description varchar(1000), rating float(53), service_areas varchar(255), skill_set varchar(255), user_id integer, primary key (worker_id)) engine=InnoDB
Hibernate: alter table admins drop index UKpiovo1hsx7hi5f9ax85epqya9
Hibernate: alter table admins add constraint UKpiovo1hsx7hi5f9ax85epqya9 unique (user_id)
Hibernate: alter table clients drop index UKsmrp6gi0tckq1w5rnd7boyowu
Hibernate: alter table clients add constraint UKsmrp6gi0tckq1w5rnd7boyowu unique (user_id)
Hibernate: alter table contracts drop index UKh20dssy48ein2x9qtml2awmta
Hibernate: alter table contracts add constraint UKh20dssy48ein2x9qtml2awmta unique (job_job_id)
Hibernate: alter table email_verification_token drop index UK1sxbwflvq4skafkocq315i9dt
Hibernate: alter table email_verification_token add constraint UK1sxbwflvq4skafkocq315i9dt unique (user_id)
Hibernate: alter table escrow_payments drop index UKj2hxolrts65tovv3iaab3ui2y
Hibernate: alter table escrow_payments add constraint UKj2hxolrts65tovv3iaab3ui2y unique (razorpay_order_id)
Hibernate: alter table roles drop index UK716hgxp60ym1lifrdgp67xt5k
Hibernate: alter table roles add constraint UK716hgxp60ym1lifrdgp67xt5k unique (role_name)
Hibernate: alter table wallets drop index UKsswfdl9fq40xlkove1y5kc7kv
Hibernate: alter table wallets add constraint UKsswfdl9fq40xlkove1y5kc7kv unique (user_id)
Hibernate: alter table workers drop index UKms7kyjjwg002ehjucuc9n3dn2
Hibernate: alter table workers add constraint UKms7kyjjwg002ehjucuc9n3dn2 unique (user_id)
Hibernate: alter table admins add constraint FKgc8dtql9mkq268detxiox7fpm foreign key (user_id) references users (user_id)
Hibernate: alter table client_payments add constraint FKijeak4xjv9ve7f09fxtajeld4 foreign key (application_id) references job_applications (application_id)
Hibernate: alter table clients add constraint FKtiuqdledq2lybrds2k3rfqrv4 foreign key (user_id) references users (user_id)
Hibernate: alter table contracts add constraint FKdfw6ysyeec2p7svwtn57y5bwy foreign key (client_user_id) references users (user_id)
Hibernate: alter table contracts add constraint FK66k2c6enkiyhkp49brlm53djh foreign key (job_job_id) references jobs (job_id)
Hibernate: alter table contracts add constraint FKc03fdxwm1d1cbgx41197hmkce foreign key (worker_user_id) references users (user_id)
Hibernate: alter table email_verification_token add constraint FKknax5in7pcatm2uf9uyple35x foreign key (user_id) references users (user_id)
Hibernate: alter table escrow_payments add constraint FKhbp8dja7ddmld4a9wmij2gjfw foreign key (contract_contract_id) references contracts (contract_id)
Hibernate: alter table job_applications add constraint FKf0fuif05jpxpyugasu3qt6ss8 foreign key (job_job_id) references jobs (job_id)
Hibernate: alter table job_applications add constraint FKbf1j06nt4k54xxcrtt9ooxkgt foreign key (applicant_user_id) references users (user_id)
Hibernate: alter table kyc_audit_logs add constraint FKkcvl8lsk1ucdryryrp1tlb1tn foreign key (kyc_id) references kyc_documents (kyc_id)
Hibernate: alter table kyc_audit_logs add constraint FKujck7w1ci0vuss580kyikf1k foreign key (performed_by_user_id) references users (user_id)
Hibernate: alter table kyc_documents add constraint FKllb8bcbbyo994afdepf7f7j63 foreign key (user_id) references users (user_id)
Hibernate: alter table kyc_documents add constraint FKphunpgt74lxu1c07rptb0fx0w foreign key (verified_by_user_id) references users (user_id)
Hibernate: alter table password_reset_tokens add constraint FKk3ndxg5xp6v7wd4gjyusp15gq foreign key (user_id) references users (user_id)
Hibernate: alter table reviews add constraint FKllx5ak80c3eijesn6dd8qw6sd foreign key (application_id) references job_applications (application_id)
Hibernate: alter table reviews add constraint FK941o40o05y5lwipckdoue87dm foreign key (contract_id) references contracts (contract_id)
Hibernate: alter table reviews add constraint FKdsfdepocrrkamhida4oas5xv4 foreign key (reviewee_user_id) references users (user_id)
Hibernate: alter table reviews add constraint FKeggw29sp7a8q3f4wenp98fblk foreign key (reviewer_user_id) references users (user_id)
Hibernate: alter table system_logs add constraint FK3mr37dlk3slliuo99uxp26oqp foreign key (user_user_id) references users (user_id)
Hibernate: alter table users add constraint FKp56c1712k691lhsyewcssf40f foreign key (role_id) references roles (role_id)
Hibernate: alter table wallet_transactions add constraint FK8seu7b87ifqi09ghhssusmb0x foreign key (wallet_id) references wallets (wallet_id)
Hibernate: alter table wallets add constraint FKc1foyisidw7wqqrkamafuwn4e foreign key (user_id) references users (user_id)
Hibernate: alter table worker_skill_certificates add constraint FKcx70eq87xxl82y7fcvpidwlpi foreign key (user_id) references users (user_id)
Hibernate: alter table workers add constraint FKt09tks6703k4e3idha0k7jtwm foreign key (user_id) references users (user_id)
2026-08-08T15:40:26.596+05:30  INFO 13696 --- [kaushalsetu-javabackend] [           main] j.LocalContainerEntityManagerFactoryBean : Initialized JPA EntityManagerFactory for persistence unit 'default'
2026-08-08T15:40:27.012+05:30  INFO 13696 --- [kaushalsetu-javabackend] [           main] o.s.d.j.r.query.QueryEnhancerFactory     : Hibernate is in classpath; If applicable, HQL parser will be used.
2026-08-08T15:40:29.856+05:30  INFO 13696 --- [kaushalsetu-javabackend] [           main] o.s.b.a.e.web.EndpointLinksResolver      : Exposing 1 endpoint beneath base path '/actuator'
2026-08-08T15:40:29.918+05:30  INFO 13696 --- [kaushalsetu-javabackend] [           main] eAuthenticationProviderManagerConfigurer : Global AuthenticationManager configured with AuthenticationProvider bean with name authenticationProvider
2026-08-08T15:40:29.918+05:30  WARN 13696 --- [kaushalsetu-javabackend] [           main] r$InitializeUserDetailsManagerConfigurer : Global AuthenticationManager configured with an AuthenticationProvider bean. UserDetailsService beans will not be used by Spring Security for automatically configuring username/password login. Consider removing the AuthenticationProvider bean. Alternatively, consider using the UserDetailsService in a manually instantiated DaoAuthenticationProvider. If the current configuration is intentional, to turn off this warning, increase the logging level of 'org.springframework.security.config.annotation.authentication.configuration.InitializeUserDetailsBeanManagerConfigurer' to ERROR
2026-08-08T15:40:30.075+05:30 DEBUG 13696 --- [kaushalsetu-javabackend] [           main] o.s.s.web.DefaultSecurityFilterChain     : Will secure any request with filters: DisableEncodeUrlFilter, WebAsyncManagerIntegrationFilter, SecurityContextHolderFilter, HeaderWriterFilter, CorsFilter, LogoutFilter, JwtAuthenticationFilter, RequestCacheAwareFilter, SecurityContextHolderAwareRequestFilter, AnonymousAuthenticationFilter, SessionManagementFilter, ExceptionTranslationFilter, AuthorizationFilter
2026-08-08T15:40:30.857+05:30  INFO 13696 --- [kaushalsetu-javabackend] [           main] .w.s.a.s.AnnotationActionEndpointMapping : Supporting [WS-Addressing August 2004, WS-Addressing 1.0]
2026-08-08T15:40:30.976+05:30  INFO 13696 --- [kaushalsetu-javabackend] [           main] k.KaushalsetuJavabackendApplicationTests : Started KaushalsetuJavabackendApplicationTests in 13.906 seconds (process running for 15.391)
]]></system-out>
    <system-err><![CDATA[Mockito is currently self-attaching to enable the inline-mock-maker. This will no longer work in future releases of the JDK. Please add Mockito as an agent to your build as described in Mockito's documentation: https://javadoc.io/doc/org.mockito/mockito-core/latest/org.mockito/org/mockito/Mockito.html#0.3
WARNING: A Java agent has been loaded dynamically (C:\Users\rahul\.m2\repository\net\bytebuddy\byte-buddy-agent\1.17.8\byte-buddy-agent-1.17.8.jar)
WARNING: If a serviceability tool is in use, please run with -XX:+EnableDynamicAgentLoading to hide this warning
WARNING: If a serviceability tool is not in use, please run with -Djdk.instrument.traceUsage for more information
WARNING: Dynamic loading of agents will be disallowed by default in a future release
]]></system-err>
  </testcase>
</testsuite>